<?xml version="1.0" encoding="UTF-8"?>
<!-- Generated by org.testng.reporters.JUnitXMLReporter -->
<testsuite hostname="vijaysana" ignored="11" name="groups" tests="5" failures="0" timestamp="2020-07-17T14:30:53 IST" time="0.082" errors="0">
  <testcase name="demo1" time="0.013" classname="testvijay.testng1"/>
  <testcase name="demo3" time="0.0" classname="testvijay.testng2"/>
  <testcase name="upcomingwebinars" time="0.002" classname="testvijay.testing3"/>
  <testcase name="upcomingseminars" time="0.003" classname="testvijay.testing4"/>
  <testcase name="checklists" time="0.001" classname="testvijay.testing5"/>
  <testcase name="cd" time="0.0" classname="testvijay.testing3">
    <ignored/>
  </testcase> <!-- cd -->
  <testcase name="recordedwebinars" time="0.0" classname="testvijay.testing3">
    <ignored/>
  </testcase> <!-- recordedwebinars -->
  <testcase name="standards" time="0.0" classname="testvijay.testing5">
    <ignored/>
  </testcase> <!-- standards -->
  <testcase name="demo2" time="0.0" classname="testvijay.testng1">
    <ignored/>
  </testcase> <!-- demo2 -->
  <testcase name="virtualseminars" time="0.0" classname="testvijay.testing4">
    <ignored/>
  </testcase> <!-- virtualseminars -->
  <testcase name="standards2" time="0.0" classname="testvijay.testing5">
    <ignored/>
  </testcase> <!-- standards2 -->
  <testcase name="standards4" time="0.0" classname="testvijay.testing5">
    <ignored/>
  </testcase> <!-- standards4 -->
  <testcase name="onsiteseminars" time="0.0" classname="testvijay.testing4">
    <ignored/>
  </testcase> <!-- onsiteseminars -->
  <testcase name="templates" time="0.0" classname="testvijay.testing5">
    <ignored/>
  </testcase> <!-- templates -->
  <testcase name="standards1" time="0.0" classname="testvijay.testing5">
    <ignored/>
  </testcase> <!-- standards1 -->
  <testcase name="standards3" time="0.0" classname="testvijay.testing5">
    <ignored/>
  </testcase> <!-- standards3 -->
</testsuite> <!-- groups -->
