<?xml version="1.0" encoding="UTF-8"?>
<!-- Generated by org.testng.reporters.JUnitXMLReporter -->
<testsuite hostname="vijaysana" ignored="2" name="seminars" tests="1" failures="0" timestamp="2020-07-17T13:42:03 IST" time="0.005" errors="0">
  <testcase name="virtualseminars" time="0.001" classname="testvijay.testing4"/>
  <testcase name="upcomingseminars" time="0.0" classname="testvijay.testing4">
    <ignored/>
  </testcase> <!-- upcomingseminars -->
  <testcase name="onsiteseminars" time="0.0" classname="testvijay.testing4">
    <ignored/>
  </testcase> <!-- onsiteseminars -->
</testsuite> <!-- seminars -->
