<?xml version="1.0" encoding="UTF-8"?>
<!-- Generated by org.testng.reporters.JUnitXMLReporter -->
<testsuite hostname="vijaysana" ignored="5" name="standards" tests="2" failures="0" timestamp="2020-07-17T13:42:03 IST" time="0.004" errors="0">
  <testcase name="checklists" time="0.001" classname="testvijay.testing5"/>
  <testcase name="templates" time="0.001" classname="testvijay.testing5"/>
  <testcase name="standards" time="0.0" classname="testvijay.testing5">
    <ignored/>
  </testcase> <!-- standards -->
  <testcase name="standards2" time="0.0" classname="testvijay.testing5">
    <ignored/>
  </testcase> <!-- standards2 -->
  <testcase name="standards4" time="0.0" classname="testvijay.testing5">
    <ignored/>
  </testcase> <!-- standards4 -->
  <testcase name="standards1" time="0.0" classname="testvijay.testing5">
    <ignored/>
  </testcase> <!-- standards1 -->
  <testcase name="standards3" time="0.0" classname="testvijay.testing5">
    <ignored/>
  </testcase> <!-- standards3 -->
</testsuite> <!-- standards -->
