<?xml version="1.0" encoding="UTF-8"?>
<!-- Generated by org.testng.reporters.JUnitXMLReporter -->
<testsuite hostname="vijaysana" ignored="0" name="webinars" tests="6" failures="0" timestamp="2020-07-17T13:42:03 IST" time="0.06" errors="0">
  <testcase name="cd" time="0.007" classname="testvijay.testing3"/>
  <testcase name="recordedwebinars" time="0.002" classname="testvijay.testing3"/>
  <testcase name="upcomingwebinars" time="0.001" classname="testvijay.testing3"/>
  <testcase name="demo1" time="0.001" classname="testvijay.testng1"/>
  <testcase name="demo2" time="0.001" classname="testvijay.testng1"/>
  <testcase name="demo3" time="0.002" classname="testvijay.testng2"/>
</testsuite> <!-- webinars -->
