<?xml version="1.0" encoding="UTF-8"?>
<!-- Generated by org.testng.reporters.JUnitXMLReporter -->
<testsuite hostname="vijaysana" ignored="0" name="Default test" tests="3" failures="0" timestamp="2020-07-17T13:55:08 IST" time="0.067" errors="0">
  <testcase name="onsiteseminars" time="0.012" classname="testvijay.testing4"/>
  <testcase name="upcomingseminars" time="0.0" classname="testvijay.testing4"/>
  <testcase name="virtualseminars" time="0.001" classname="testvijay.testing4"/>
</testsuite> <!-- Default test -->
